This file contains any messages produced by compilers while
running configure, to aid debugging if configure makes a mistake.

It was created by configure, which was
generated by GNU Autoconf 2.66.  Invocation command line was

  $ ./configure --no-create --no-recursion

## --------- ##
## Platform. ##
## --------- ##

hostname = localhost.localdomain
uname -m = x86_64
uname -r = 2.6.35.6-39.fc14.x86_64
uname -s = Linux
uname -v = #1 SMP Fri Oct 8 16:23:12 UTC 2010

/usr/bin/uname -p = unknown
/bin/uname -X     = unknown

/bin/arch              = x86_64
/usr/bin/arch -k       = unknown
/usr/convex/getsysinfo = unknown
/usr/bin/hostinfo      = unknown
/bin/machine           = unknown
/usr/bin/oslevel       = unknown
/bin/universe          = unknown

PATH: /home/Affix/perl5/bin
PATH: /usr/lib64/qt-3.3/bin
PATH: /home/Affix/perl5/bin
PATH: /usr/lib64/ccache
PATH: /usr/local/bin
PATH: /usr/bin
PATH: /bin
PATH: /usr/local/sbin
PATH: /usr/sbin
PATH: /sbin
PATH: /home/Affix/bin


## ----------- ##
## Core tests. ##
## ----------- ##

configure:2161: checking for a BSD-compatible install
configure:2229: result: /usr/bin/install -c
configure:2240: checking whether build environment is sane
configure:2277: result: yes
configure:2339: checking for gawk
configure:2355: found /usr/bin/gawk
configure:2366: result: gawk
configure:2377: checking whether make sets $(MAKE)
configure:2399: result: yes
configure:2628: checking for gcc
configure:2644: found /usr/lib64/ccache/gcc
configure:2655: result: gcc
configure:2884: checking for C compiler version
configure:2893: gcc --version >&5
gcc (GCC) 4.5.1 20100924 (Red Hat 4.5.1-4)
Copyright (C) 2010 Free Software Foundation, Inc.
This is free software; see the source for copying conditions.  There is NO
warranty; not even for MERCHANTABILITY or FITNESS FOR A PARTICULAR PURPOSE.

configure:2904: $? = 0
configure:2893: gcc -v >&5
Using built-in specs.
COLLECT_GCC=/usr/bin/gcc
COLLECT_LTO_WRAPPER=/usr/libexec/gcc/x86_64-redhat-linux/4.5.1/lto-wrapper
Target: x86_64-redhat-linux
Configured with: ../configure --prefix=/usr --mandir=/usr/share/man --infodir=/usr/share/info --with-bugurl=http://bugzilla.redhat.com/bugzilla --enable-bootstrap --enable-shared --enable-threads=posix --enable-checking=release --with-system-zlib --enable-__cxa_atexit --disable-libunwind-exceptions --enable-gnu-unique-object --enable-linker-build-id --enable-languages=c,c++,objc,obj-c++,java,fortran,ada,lto --enable-plugin --enable-java-awt=gtk --disable-dssi --with-java-home=/usr/lib/jvm/java-1.5.0-gcj-1.5.0.0/jre --enable-libgcj-multifile --enable-java-maintainer-mode --with-ecj-jar=/usr/share/java/eclipse-ecj.jar --disable-libjava-multilib --with-ppl --with-cloog --with-tune=generic --with-arch_32=i686 --build=x86_64-redhat-linux
Thread model: posix
gcc version 4.5.1 20100924 (Red Hat 4.5.1-4) (GCC) 
configure:2904: $? = 0
configure:2893: gcc -V >&5
gcc: '-V' option must have argument
configure:2904: $? = 1
configure:2893: gcc -qversion >&5
gcc: unrecognized option '-qversion'
gcc: no input files
configure:2904: $? = 1
configure:2924: checking whether the C compiler works
configure:2946: gcc    conftest.c  >&5
configure:2950: $? = 0
configure:2998: result: yes
configure:3001: checking for C compiler default output file name
configure:3003: result: a.out
configure:3009: checking for suffix of executables
configure:3016: gcc -o conftest    conftest.c  >&5
configure:3020: $? = 0
configure:3042: result: 
configure:3064: checking whether we are cross compiling
configure:3072: gcc -o conftest    conftest.c  >&5
configure:3076: $? = 0
configure:3083: ./conftest
configure:3087: $? = 0
configure:3102: result: no
configure:3107: checking for suffix of object files
configure:3129: gcc -c   conftest.c >&5
configure:3133: $? = 0
configure:3154: result: o
configure:3158: checking whether we are using the GNU C compiler
configure:3177: gcc -c   conftest.c >&5
configure:3177: $? = 0
configure:3186: result: yes
configure:3195: checking whether gcc accepts -g
configure:3215: gcc -c -g  conftest.c >&5
configure:3215: $? = 0
configure:3256: result: yes
configure:3273: checking for gcc option to accept ISO C89
configure:3337: gcc  -c -g -O2  conftest.c >&5
configure:3337: $? = 0
configure:3350: result: none needed
configure:3381: checking for style of include used by make
configure:3409: result: GNU
configure:3437: checking dependency style of gcc
configure:3527: result: gcc3
configure:3545: checking whether make sets $(MAKE)
configure:3567: result: yes
configure:3584: checking how to run the C preprocessor
configure:3615: gcc -E  conftest.c
configure:3615: $? = 0
configure:3629: gcc -E  conftest.c
conftest.c:11:28: fatal error: ac_nonexistent.h: No such file or directory
compilation terminated.
configure:3629: $? = 1
configure: failed program was:
| /* confdefs.h */
| #define PACKAGE_NAME ""
| #define PACKAGE_TARNAME ""
| #define PACKAGE_VERSION ""
| #define PACKAGE_STRING ""
| #define PACKAGE_BUGREPORT ""
| #define PACKAGE_URL ""
| #define PACKAGE "tmsnc"
| #define VERSION "0.3.2"
| /* end confdefs.h.  */
| #include <ac_nonexistent.h>
configure:3654: result: gcc -E
configure:3674: gcc -E  conftest.c
configure:3674: $? = 0
configure:3688: gcc -E  conftest.c
conftest.c:11:28: fatal error: ac_nonexistent.h: No such file or directory
compilation terminated.
configure:3688: $? = 1
configure: failed program was:
| /* confdefs.h */
| #define PACKAGE_NAME ""
| #define PACKAGE_TARNAME ""
| #define PACKAGE_VERSION ""
| #define PACKAGE_STRING ""
| #define PACKAGE_BUGREPORT ""
| #define PACKAGE_URL ""
| #define PACKAGE "tmsnc"
| #define VERSION "0.3.2"
| /* end confdefs.h.  */
| #include <ac_nonexistent.h>
configure:3717: checking for grep that handles long lines and -e
configure:3775: result: /bin/grep
configure:3780: checking for egrep
configure:3842: result: /bin/grep -E
configure:3847: checking for ANSI C header files
configure:3867: gcc -c -g -O2  conftest.c >&5
configure:3867: $? = 0
configure:3940: gcc -o conftest -g -O2   conftest.c  >&5
configure:3940: $? = 0
configure:3940: ./conftest
configure:3940: $? = 0
configure:3951: result: yes
configure:3966: checking for sys/types.h
configure:3966: gcc -c -g -O2  conftest.c >&5
configure:3966: $? = 0
configure:3966: result: yes
configure:3966: checking for sys/stat.h
configure:3966: gcc -c -g -O2  conftest.c >&5
configure:3966: $? = 0
configure:3966: result: yes
configure:3966: checking for stdlib.h
configure:3966: gcc -c -g -O2  conftest.c >&5
configure:3966: $? = 0
configure:3966: result: yes
configure:3966: checking for string.h
configure:3966: gcc -c -g -O2  conftest.c >&5
configure:3966: $? = 0
configure:3966: result: yes
configure:3966: checking for memory.h
configure:3966: gcc -c -g -O2  conftest.c >&5
configure:3966: $? = 0
configure:3966: result: yes
configure:3966: checking for strings.h
configure:3966: gcc -c -g -O2  conftest.c >&5
configure:3966: $? = 0
configure:3966: result: yes
configure:3966: checking for inttypes.h
configure:3966: gcc -c -g -O2  conftest.c >&5
configure:3966: $? = 0
configure:3966: result: yes
configure:3966: checking for stdint.h
configure:3966: gcc -c -g -O2  conftest.c >&5
configure:3966: $? = 0
configure:3966: result: yes
configure:3966: checking for unistd.h
configure:3966: gcc -c -g -O2  conftest.c >&5
configure:3966: $? = 0
configure:3966: result: yes
configure:3978: checking for pid_t
configure:3978: gcc -c -g -O2  conftest.c >&5
configure:3978: $? = 0
configure:3978: gcc -c -g -O2  conftest.c >&5
conftest.c: In function 'main':
conftest.c:57:20: error: expected expression before ')' token
configure:3978: $? = 1
configure: failed program was:
| /* confdefs.h */
| #define PACKAGE_NAME ""
| #define PACKAGE_TARNAME ""
| #define PACKAGE_VERSION ""
| #define PACKAGE_STRING ""
| #define PACKAGE_BUGREPORT ""
| #define PACKAGE_URL ""
| #define PACKAGE "tmsnc"
| #define VERSION "0.3.2"
| #define STDC_HEADERS 1
| #define HAVE_SYS_TYPES_H 1
| #define HAVE_SYS_STAT_H 1
| #define HAVE_STDLIB_H 1
| #define HAVE_STRING_H 1
| #define HAVE_MEMORY_H 1
| #define HAVE_STRINGS_H 1
| #define HAVE_INTTYPES_H 1
| #define HAVE_STDINT_H 1
| #define HAVE_UNISTD_H 1
| /* end confdefs.h.  */
| #include <stdio.h>
| #ifdef HAVE_SYS_TYPES_H
| # include <sys/types.h>
| #endif
| #ifdef HAVE_SYS_STAT_H
| # include <sys/stat.h>
| #endif
| #ifdef STDC_HEADERS
| # include <stdlib.h>
| # include <stddef.h>
| #else
| # ifdef HAVE_STDLIB_H
| #  include <stdlib.h>
| # endif
| #endif
| #ifdef HAVE_STRING_H
| # if !defined STDC_HEADERS && defined HAVE_MEMORY_H
| #  include <memory.h>
| # endif
| # include <string.h>
| #endif
| #ifdef HAVE_STRINGS_H
| # include <strings.h>
| #endif
| #ifdef HAVE_INTTYPES_H
| # include <inttypes.h>
| #endif
| #ifdef HAVE_STDINT_H
| # include <stdint.h>
| #endif
| #ifdef HAVE_UNISTD_H
| # include <unistd.h>
| #endif
| int
| main ()
| {
| if (sizeof ((pid_t)))
| 	    return 0;
|   ;
|   return 0;
| }
configure:3978: result: yes
configure:3989: checking for size_t
configure:3989: gcc -c -g -O2  conftest.c >&5
configure:3989: $? = 0
configure:3989: gcc -c -g -O2  conftest.c >&5
conftest.c: In function 'main':
conftest.c:57:21: error: expected expression before ')' token
configure:3989: $? = 1
configure: failed program was:
| /* confdefs.h */
| #define PACKAGE_NAME ""
| #define PACKAGE_TARNAME ""
| #define PACKAGE_VERSION ""
| #define PACKAGE_STRING ""
| #define PACKAGE_BUGREPORT ""
| #define PACKAGE_URL ""
| #define PACKAGE "tmsnc"
| #define VERSION "0.3.2"
| #define STDC_HEADERS 1
| #define HAVE_SYS_TYPES_H 1
| #define HAVE_SYS_STAT_H 1
| #define HAVE_STDLIB_H 1
| #define HAVE_STRING_H 1
| #define HAVE_MEMORY_H 1
| #define HAVE_STRINGS_H 1
| #define HAVE_INTTYPES_H 1
| #define HAVE_STDINT_H 1
| #define HAVE_UNISTD_H 1
| /* end confdefs.h.  */
| #include <stdio.h>
| #ifdef HAVE_SYS_TYPES_H
| # include <sys/types.h>
| #endif
| #ifdef HAVE_SYS_STAT_H
| # include <sys/stat.h>
| #endif
| #ifdef STDC_HEADERS
| # include <stdlib.h>
| # include <stddef.h>
| #else
| # ifdef HAVE_STDLIB_H
| #  include <stdlib.h>
| # endif
| #endif
| #ifdef HAVE_STRING_H
| # if !defined STDC_HEADERS && defined HAVE_MEMORY_H
| #  include <memory.h>
| # endif
| # include <string.h>
| #endif
| #ifdef HAVE_STRINGS_H
| # include <strings.h>
| #endif
| #ifdef HAVE_INTTYPES_H
| # include <inttypes.h>
| #endif
| #ifdef HAVE_STDINT_H
| # include <stdint.h>
| #endif
| #ifdef HAVE_UNISTD_H
| # include <unistd.h>
| #endif
| int
| main ()
| {
| if (sizeof ((size_t)))
| 	    return 0;
|   ;
|   return 0;
| }
configure:3989: result: yes
configure:4000: checking whether time.h and sys/time.h may both be included
configure:4020: gcc -c -g -O2  conftest.c >&5
configure:4020: $? = 0
configure:4027: result: yes
configure:4035: checking whether struct tm is in sys/time.h or time.h
configure:4055: gcc -c -g -O2  conftest.c >&5
configure:4055: $? = 0
configure:4062: result: time.h
configure:4071: checking for library containing gethostbyname
configure:4102: gcc -o conftest -g -O2   conftest.c  >&5
configure:4102: $? = 0
configure:4119: result: none required
configure:4127: checking for socket
configure:4127: gcc -o conftest -g -O2   conftest.c  >&5
configure:4127: $? = 0
configure:4127: result: yes
configure:4386: checking location of ncurses.h file...
configure:4394: result: Found ncurses on /usr/include/ncurses.h
configure:4613: checking for use_default_colors
configure:4613: gcc -o conftest -g -O2   conftest.c -lncurses >&5
configure:4613: $? = 0
configure:4613: result: yes
configure:4613: checking for resizeterm
configure:4613: gcc -o conftest -g -O2   conftest.c -lncurses >&5
configure:4613: $? = 0
configure:4613: result: yes
configure:4613: checking for resize_term
configure:4613: gcc -o conftest -g -O2   conftest.c -lncurses >&5
configure:4613: $? = 0
configure:4613: result: yes
configure:4613: checking for wadd_wch
configure:4613: gcc -o conftest -g -O2   conftest.c -lncurses >&5
/tmp/ccm5vK4a.o: In function `main':
/home/Affix/Desktop/tmsnc/conftest.c:61: undefined reference to `wadd_wch'
collect2: ld returned 1 exit status
configure:4613: $? = 1
configure: failed program was:
| /* confdefs.h */
| #define PACKAGE_NAME ""
| #define PACKAGE_TARNAME ""
| #define PACKAGE_VERSION ""
| #define PACKAGE_STRING ""
| #define PACKAGE_BUGREPORT ""
| #define PACKAGE_URL ""
| #define PACKAGE "tmsnc"
| #define VERSION "0.3.2"
| #define STDC_HEADERS 1
| #define HAVE_SYS_TYPES_H 1
| #define HAVE_SYS_STAT_H 1
| #define HAVE_STDLIB_H 1
| #define HAVE_STRING_H 1
| #define HAVE_MEMORY_H 1
| #define HAVE_STRINGS_H 1
| #define HAVE_INTTYPES_H 1
| #define HAVE_STDINT_H 1
| #define HAVE_UNISTD_H 1
| #define TIME_WITH_SYS_TIME 1
| #define HAS_CURSES 1
| #define USE_NCURSES 1
| #define HAVE_USE_DEFAULT_COLORS 1
| #define HAVE_RESIZETERM 1
| #define HAVE_RESIZE_TERM 1
| /* end confdefs.h.  */
| /* Define wadd_wch to an innocuous variant, in case <limits.h> declares wadd_wch.
|    For example, HP-UX 11i <limits.h> declares gettimeofday.  */
| #define wadd_wch innocuous_wadd_wch
| 
| /* System header to define __stub macros and hopefully few prototypes,
|     which can conflict with char wadd_wch (); below.
|     Prefer <limits.h> to <assert.h> if __STDC__ is defined, since
|     <limits.h> exists even on freestanding compilers.  */
| 
| #ifdef __STDC__
| # include <limits.h>
| #else
| # include <assert.h>
| #endif
| 
| #undef wadd_wch
| 
| /* Override any GCC internal prototype to avoid an error.
|    Use char because int might match the return type of a GCC
|    builtin and then its argument prototype would still apply.  */
| #ifdef __cplusplus
| extern "C"
| #endif
| char wadd_wch ();
| /* The GNU C library defines this for functions which it implements
|     to always fail with ENOSYS.  Some functions are actually named
|     something starting with __ and the normal name is an alias.  */
| #if defined __stub_wadd_wch || defined __stub___wadd_wch
| choke me
| #endif
| 
| int
| main ()
| {
| return wadd_wch ();
|   ;
|   return 0;
| }
configure:4613: result: no
configure:4657: checking build system type
configure:4671: result: x86_64-unknown-linux-gnu
configure:4691: checking host system type
configure:4704: result: x86_64-unknown-linux-gnu
configure:4748: checking for ld used by GCC
configure:4812: result: /usr/bin/ld
configure:4819: checking if the linker (/usr/bin/ld) is GNU ld
configure:4832: result: yes
configure:4839: checking for shared library run path origin
configure:4852: result: done
configure:5282: checking for iconv
configure:5304: gcc -o conftest -g -O2   conftest.c  >&5
configure:5304: $? = 0
configure:5336: result: yes
configure:5357: checking for iconv declaration
configure:5386: gcc -c -g -O2  conftest.c >&5
configure:5386: $? = 0
configure:5397: result: 
         extern size_t iconv (iconv_t cd, char * *inbuf, size_t *inbytesleft, char * *outbuf, size_t *outbytesleft);
configure:5424: checking for openssl
configure:5486: result: yes
configure:5510: checking for gtf_filter_warez in -ltalkfilters
configure:5535: gcc -o conftest -g -O2   conftest.c -ltalkfilters   >&5
/usr/bin/ld: cannot find -ltalkfilters
collect2: ld returned 1 exit status
configure:5535: $? = 1
configure: failed program was:
| /* confdefs.h */
| #define PACKAGE_NAME ""
| #define PACKAGE_TARNAME ""
| #define PACKAGE_VERSION ""
| #define PACKAGE_STRING ""
| #define PACKAGE_BUGREPORT ""
| #define PACKAGE_URL ""
| #define PACKAGE "tmsnc"
| #define VERSION "0.3.2"
| #define STDC_HEADERS 1
| #define HAVE_SYS_TYPES_H 1
| #define HAVE_SYS_STAT_H 1
| #define HAVE_STDLIB_H 1
| #define HAVE_STRING_H 1
| #define HAVE_MEMORY_H 1
| #define HAVE_STRINGS_H 1
| #define HAVE_INTTYPES_H 1
| #define HAVE_STDINT_H 1
| #define HAVE_UNISTD_H 1
| #define TIME_WITH_SYS_TIME 1
| #define HAS_CURSES 1
| #define USE_NCURSES 1
| #define HAVE_USE_DEFAULT_COLORS 1
| #define HAVE_RESIZETERM 1
| #define HAVE_RESIZE_TERM 1
| #define HAVE_ICONV 1
| #define ICONV_CONST 
| #define HAVE_OPENSSL 1
| /* end confdefs.h.  */
| 
| /* Override any GCC internal prototype to avoid an error.
|    Use char because int might match the return type of a GCC
|    builtin and then its argument prototype would still apply.  */
| #ifdef __cplusplus
| extern "C"
| #endif
| char gtf_filter_warez ();
| int
| main ()
| {
| return gtf_filter_warez ();
|   ;
|   return 0;
| }
configure:5544: result: no
configure:5706: creating ./config.status

## ---------------- ##
## Cache variables. ##
## ---------------- ##

ac_cv_build=x86_64-unknown-linux-gnu
ac_cv_c_compiler_gnu=yes
ac_cv_env_CC_set=
ac_cv_env_CC_value=
ac_cv_env_CFLAGS_set=
ac_cv_env_CFLAGS_value=
ac_cv_env_CPPFLAGS_set=
ac_cv_env_CPPFLAGS_value=
ac_cv_env_CPP_set=
ac_cv_env_CPP_value=
ac_cv_env_LDFLAGS_set=
ac_cv_env_LDFLAGS_value=
ac_cv_env_LIBS_set=
ac_cv_env_LIBS_value=
ac_cv_env_build_alias_set=
ac_cv_env_build_alias_value=
ac_cv_env_host_alias_set=
ac_cv_env_host_alias_value=
ac_cv_env_target_alias_set=
ac_cv_env_target_alias_value=
ac_cv_func_resize_term=yes
ac_cv_func_resizeterm=yes
ac_cv_func_socket=yes
ac_cv_func_use_default_colors=yes
ac_cv_func_wadd_wch=no
ac_cv_header_inttypes_h=yes
ac_cv_header_memory_h=yes
ac_cv_header_stdc=yes
ac_cv_header_stdint_h=yes
ac_cv_header_stdlib_h=yes
ac_cv_header_string_h=yes
ac_cv_header_strings_h=yes
ac_cv_header_sys_stat_h=yes
ac_cv_header_sys_types_h=yes
ac_cv_header_time=yes
ac_cv_header_unistd_h=yes
ac_cv_host=x86_64-unknown-linux-gnu
ac_cv_lib_talkfilters_gtf_filter_warez=no
ac_cv_objext=o
ac_cv_path_EGREP='/bin/grep -E'
ac_cv_path_GREP=/bin/grep
ac_cv_path_install='/usr/bin/install -c'
ac_cv_prog_AWK=gawk
ac_cv_prog_CPP='gcc -E'
ac_cv_prog_ac_ct_CC=gcc
ac_cv_prog_cc_c89=
ac_cv_prog_cc_g=yes
ac_cv_prog_make_make_set=yes
ac_cv_search_gethostbyname='none required'
ac_cv_struct_tm=time.h
ac_cv_type_pid_t=yes
ac_cv_type_size_t=yes
acl_cv_hardcode_direct=no
acl_cv_hardcode_libdir_flag_spec='${wl}-rpath ${wl}$libdir'
acl_cv_hardcode_libdir_separator=
acl_cv_hardcode_minus_L=no
acl_cv_libext=a
acl_cv_path_LD=/usr/bin/ld
acl_cv_prog_gnu_ld=yes
acl_cv_rpath=done
acl_cv_shlibext=so
acl_cv_wl=-Wl,
am_cv_CC_dependencies_compiler_type=gcc3
am_cv_func_iconv=yes
am_cv_lib_iconv=no
am_cv_proto_iconv='extern size_t iconv (iconv_t cd, char * *inbuf, size_t *inbytesleft, char * *outbuf, size_t *outbytesleft);'
am_cv_proto_iconv_arg1=

## ----------------- ##
## Output variables. ##
## ----------------- ##

ACLOCAL='${SHELL} /home/Affix/Desktop/tmsnc/missing --run aclocal-1.9'
AMDEPBACKSLASH='\'
AMDEP_FALSE='#'
AMDEP_TRUE=''
AMTAR='${SHELL} /home/Affix/Desktop/tmsnc/missing --run tar'
AUTOCONF='${SHELL} /home/Affix/Desktop/tmsnc/missing --run autoconf'
AUTOHEADER='${SHELL} /home/Affix/Desktop/tmsnc/missing --run autoheader'
AUTOMAKE='${SHELL} /home/Affix/Desktop/tmsnc/missing --run automake-1.9'
AWK='gawk'
CC='gcc'
CCDEPMODE='depmode=gcc3'
CFLAGS='-g -O2'
CPP='gcc -E'
CPPFLAGS=''
CURSES_INCLUDEDIR=''
CURSES_LIBS='-lncurses -lpanel -lform'
CYGPATH_W='echo'
DEFS='-DHAVE_CONFIG_H'
DEPDIR='.deps'
ECHO_C=''
ECHO_N='-n'
ECHO_T=''
EGREP='/bin/grep -E'
EXEEXT=''
GREP='/bin/grep'
INSTALL_DATA='${INSTALL} -m 644'
INSTALL_PROGRAM='${INSTALL}'
INSTALL_SCRIPT='${INSTALL}'
INSTALL_STRIP_PROGRAM='${SHELL} $(install_sh) -c -s'
LDFLAGS=''
LIBICONV=''
LIBOBJS=''
LIBS=''
LTLIBICONV=''
LTLIBOBJS=''
MAKEINFO='${SHELL} /home/Affix/Desktop/tmsnc/missing --run makeinfo'
OBJEXT='o'
OPENSSL_FALSE='#'
OPENSSL_TRUE=''
PACKAGE='tmsnc'
PACKAGE_BUGREPORT=''
PACKAGE_NAME=''
PACKAGE_STRING=''
PACKAGE_TARNAME=''
PACKAGE_URL=''
PACKAGE_VERSION=''
PATH_SEPARATOR=':'
SET_MAKE=''
SHELL='/bin/sh'
SSLINC=''
SSLLIB='-lssl -lcrypto'
STRIP=''
TALKFILTERS_FALSE=''
TALKFILTERS_TRUE='#'
TFLIB=''
VERSION='0.3.2'
ac_ct_CC='gcc'
am__fastdepCC_FALSE='#'
am__fastdepCC_TRUE=''
am__include='include'
am__leading_dot='.'
am__quote=''
am__tar='${AMTAR} chof - "$$tardir"'
am__untar='${AMTAR} xf -'
bindir='${exec_prefix}/bin'
build='x86_64-unknown-linux-gnu'
build_alias=''
build_cpu='x86_64'
build_os='linux-gnu'
build_vendor='unknown'
datadir='${datarootdir}'
datarootdir='${prefix}/share'
docdir='${datarootdir}/doc/${PACKAGE}'
dvidir='${docdir}'
exec_prefix='${prefix}'
host='x86_64-unknown-linux-gnu'
host_alias=''
host_cpu='x86_64'
host_os='linux-gnu'
host_vendor='unknown'
htmldir='${docdir}'
includedir='${prefix}/include'
infodir='${datarootdir}/info'
install_sh='/home/Affix/Desktop/tmsnc/install-sh'
libdir='${exec_prefix}/lib'
libexecdir='${exec_prefix}/libexec'
localedir='${datarootdir}/locale'
localstatedir='${prefix}/var'
mandir='${datarootdir}/man'
mkdir_p='mkdir -p --'
oldincludedir='/usr/include'
pdfdir='${docdir}'
prefix='/usr/local'
program_transform_name='s,x,x,'
psdir='${docdir}'
sbindir='${exec_prefix}/sbin'
sharedstatedir='${prefix}/com'
sysconfdir='${prefix}/etc'
target_alias=''
tmsnc_VERSION='0.3.2'

## ----------- ##
## confdefs.h. ##
## ----------- ##

/* confdefs.h */
#define PACKAGE_NAME ""
#define PACKAGE_TARNAME ""
#define PACKAGE_VERSION ""
#define PACKAGE_STRING ""
#define PACKAGE_BUGREPORT ""
#define PACKAGE_URL ""
#define PACKAGE "tmsnc"
#define VERSION "0.3.2"
#define STDC_HEADERS 1
#define HAVE_SYS_TYPES_H 1
#define HAVE_SYS_STAT_H 1
#define HAVE_STDLIB_H 1
#define HAVE_STRING_H 1
#define HAVE_MEMORY_H 1
#define HAVE_STRINGS_H 1
#define HAVE_INTTYPES_H 1
#define HAVE_STDINT_H 1
#define HAVE_UNISTD_H 1
#define TIME_WITH_SYS_TIME 1
#define HAS_CURSES 1
#define USE_NCURSES 1
#define HAVE_USE_DEFAULT_COLORS 1
#define HAVE_RESIZETERM 1
#define HAVE_RESIZE_TERM 1
#define HAVE_ICONV 1
#define ICONV_CONST 
#define HAVE_OPENSSL 1

configure: exit 0

## ---------------------- ##
## Running config.status. ##
## ---------------------- ##

This file was extended by config.status, which was
generated by GNU Autoconf 2.66.  Invocation command line was

  CONFIG_FILES    = 
  CONFIG_HEADERS  = 
  CONFIG_LINKS    = 
  CONFIG_COMMANDS = 
  $ ./config.status 

on localhost.localdomain

config.status:877: creating Makefile
config.status:980: WARNING:  'Makefile.in' seems to ignore the --datarootdir setting
config.status:877: creating doc/Makefile
config.status:980: WARNING:  'doc/Makefile.in' seems to ignore the --datarootdir setting
config.status:877: creating src/Makefile
config.status:980: WARNING:  'src/Makefile.in' seems to ignore the --datarootdir setting
config.status:877: creating autopackage/default.apspec
config.status:877: creating src/config.h
config.status:1098: executing depfiles commands

## ---------------------- ##
## Running config.status. ##
## ---------------------- ##

This file was extended by config.status, which was
generated by GNU Autoconf 2.66.  Invocation command line was

  CONFIG_FILES    = 
  CONFIG_HEADERS  = 
  CONFIG_LINKS    = 
  CONFIG_COMMANDS = 
  $ ./config.status src/config.h

on localhost.localdomain

config.status:877: creating src/config.h
